[frooplootsjordan.wixsite.com/blink.html]
[backblue.gif]
[fade.gif]
[index.html]
[frooplootsjordan.wixsite.com/sitemap.xml]
[frooplootsjordan.wixsite.com/feed.xml]
[browser.sentry-cdn.com/4.6.2/bundle.min.js]
[static.parastorage.com/unpkg/core-js-bundle@3.2.1/minified.js]
[static.parastorage.com/unpkg/whatwg-fetch@3.0.0/dist/fetch.umd.js]
[static.parastorage.com/services/wix-bolt/1.4109.0/bolt-main/app/bolt-custom-elements.min.js]
[static.parastorage.com/unpkg/requirejs-bolt@2.3.6/requirejs.min.js]
[static.parastorage.com/services/skins/2.1229.80/images/wysiwyg/core/themes/base/cursor_zoom_out.png]
[static.parastorage.com/services/skins/2.1229.80/images/wysiwyg/core/themes/base/cursor_zoom_in.png]
[static.wixstatic.com/media/e166f2_b3f39523e15443f3900f3deca07dd26e_mv2_d_3/v1/fill/w_480,h_480,al_c,usm_0.66_1.00_0.01,blur_2/e166f2_b3f39523e15443f3900f3deca07dd26e_mv2_d_3000_3000_s_4_2.png]
[static.wixstatic.com/media/e166f2_58bd764c678b429592eef2fd5377a485_mv2_d_8500_2468_s_4_2.png/v1/fill/w_173,h_50,al_c,usm_0.66_1.00_0.01,blur_2/hub1824ds.png]
[frooplootsjordan.wixsite.com/blink/copy-of-about-us.html]
[static.wixstatic.com/media/0da768_0c5ce9e2ffa442bea0b79b690223a939_mv2.png]
[frooplootsjordan.wixsite.com/blink.html]
[frooplootsjordan.wixsite.com/sitemap.html]
[frooplootsjordan.wixsite.com/feed.html]
[frooplootsjordan.wixsite.com/blink/about-us.html]
[frooplootsjordan.wixsite.com/blink/robots.txt]
[frooplootsjordan.wixsite.com/blink/sitemap.xml]
[frooplootsjordan.wixsite.com/blink/feed.xml]
[frooplootsjordan.wixsite.com/blink/copy-of-about-us.html]
[frooplootsjordan.wixsite.com/blink/about-us.html]
[frooplootsjordan.wixsite.com/blink/robots.html]
[frooplootsjordan.wixsite.com/blink/feed.html]
